<?xml version="1.0" encoding="UTF-8"?>
<!-- Generated by org.testng.reporters.JUnitReportReporter -->
<testsuite hostname="Asutosh" failures="0" tests="4" name="com.S16_testNG_Tutorial.Basic2" time="0.014" errors="0" timestamp="2024-07-28T20:47:58 IST" skipped="0">
  <testcase classname="com.S16_testNG_Tutorial.Basic2" name="D4" time="0.004"/>
  <system-out/>
  <testcase classname="com.S16_testNG_Tutorial.Basic2" name="D2" time="0.007"/>
  <system-out/>
  <testcase classname="com.S16_testNG_Tutorial.Basic2" name="D1" time="0.001"/>
  <system-out/>
  <testcase classname="com.S16_testNG_Tutorial.Basic2" name="D3" time="0.002"/>
  <system-out/>
</testsuite> <!-- com.S16_testNG_Tutorial.Basic2 -->
