<?xml version="1.0" encoding="UTF-8"?>
<!-- Generated by org.testng.reporters.JUnitReportReporter -->
<testsuite hostname="Asutosh" failures="0" tests="2" name="com.S16_testNG_Tutorial.Basic1" time="0.005" errors="0" timestamp="2024-07-28T20:47:58 IST" skipped="0">
  <testcase classname="com.S16_testNG_Tutorial.Basic1" name="demo2" time="0.001"/>
  <system-out/>
  <testcase classname="com.S16_testNG_Tutorial.Basic1" name="demo" time="0.004"/>
  <system-out/>
</testsuite> <!-- com.S16_testNG_Tutorial.Basic1 -->
