<?xml version="1.0" encoding="UTF-8"?>
<!-- Generated by org.testng.reporters.JUnitReportReporter -->
<testsuite hostname="Asutosh" failures="0" tests="3" name="com.S16_testNG_Tutorial.Basic4" time="0.011" errors="0" timestamp="2024-07-28T20:47:58 IST" skipped="0">
  <testcase classname="com.S16_testNG_Tutorial.Basic4" name="HloanAPIlogin" time="0.003"/>
  <system-out/>
  <testcase classname="com.S16_testNG_Tutorial.Basic4" name="HloanWeblogin" time="0.002"/>
  <system-out/>
  <testcase classname="com.S16_testNG_Tutorial.Basic4" name="HloanMobilelogin" time="0.006"/>
  <system-out/>
</testsuite> <!-- com.S16_testNG_Tutorial.Basic4 -->
