<?xml version="1.0" encoding="UTF-8"?>
<!-- Generated by org.testng.reporters.JUnitReportReporter -->
<testsuite hostname="Asutosh" failures="0" tests="3" name="com.S16_testNG_Tutorial.Basic3" time="0.012" errors="0" timestamp="2024-07-28T20:47:58 IST" skipped="0">
  <testcase classname="com.S16_testNG_Tutorial.Basic3" name="PloanMobilelogin" time="0.005"/>
  <system-out/>
  <testcase classname="com.S16_testNG_Tutorial.Basic3" name="PloanWeblogin" time="0.003"/>
  <system-out/>
  <testcase classname="com.S16_testNG_Tutorial.Basic3" name="PloanAPIlogin" time="0.004"/>
  <system-out/>
</testsuite> <!-- com.S16_testNG_Tutorial.Basic3 -->
